<?xml version="1.0" encoding="UTF-8"?>
<!-- Generated by org.testng.reporters.JUnitReportReporter -->
<testsuite skipped="0" hostname="deng-PC" name="loginLayer.testCase.login" tests="2" failures="0" timestamp="07 九月 2018 07:42:42 GMT" time="15.746" errors="0">
  <testcase name="getLogHome" time="15.341" classname="loginLayer.testCase.login"/>
  <testcase name="testLogin" time="0.405" classname="loginLayer.testCase.login"/>
</testsuite> <!-- loginLayer.testCase.login -->
